<?xml version="1.0" encoding="UTF-8"?>
<testng-results ignored="0" total="1" passed="1" failed="0" skipped="0">
  <reporter-output>
  </reporter-output>
  <suite started-at="2023-07-11T01:50:20 PYT" name="Default suite" finished-at="2023-07-11T01:50:21 PYT" duration-ms="1049">
    <groups>
    </groups>
    <test started-at="2023-07-11T01:50:20 PYT" name="Default test" finished-at="2023-07-11T01:50:21 PYT" duration-ms="1049">
      <class name="tests.PostAPITest">
        <test-method is-config="true" signature="setUp()[pri:0, instance:tests.PostAPITest@7516e4e5]" started-at="2023-07-11T01:50:20 PYT" name="setUp" finished-at="2023-07-11T01:50:20 PYT" duration-ms="10" status="PASS">
          <reporter-output>
          </reporter-output>
        </test-method> <!-- setUp -->
        <test-method signature="postAPITest()[pri:0, instance:tests.PostAPITest@7516e4e5]" started-at="2023-07-11T01:50:20 PYT" name="postAPITest" finished-at="2023-07-11T01:50:21 PYT" duration-ms="995" status="PASS">
          <reporter-output>
          </reporter-output>
        </test-method> <!-- postAPITest -->
      </class> <!-- tests.PostAPITest -->
    </test> <!-- Default test -->
  </suite> <!-- Default suite -->
</testng-results>
